args Namespace(data_root='data', output_dir='experiments', model='declare-lab/flan-alpaca-base', options=['A', 'B', 'C', 'D', 'E'], epoch=20, lr=8e-05, bs=32, input_len=512, output_len=512, eval_bs=32, eval_acc=None, train_split='train', val_split='val', test_split='test', use_generate=True, final_eval=True, user_msg='rationale', img_type='vit', eval_le=None, test_le=None, evaluate_dir='models/mm-cot-base-rationale', caption_file='data/instruct_captions.json', use_caption=False, prompt_format='QCM-E', seed=42)
====Input Arguments====
{
  "data_root": "data",
  "output_dir": "experiments",
  "model": "declare-lab/flan-alpaca-base",
  "options": [
    "A",
    "B",
    "C",
    "D",
    "E"
  ],
  "epoch": 20,
  "lr": 8e-05,
  "bs": 32,
  "input_len": 512,
  "output_len": 512,
  "eval_bs": 32,
  "eval_acc": null,
  "train_split": "train",
  "val_split": "val",
  "test_split": "test",
  "use_generate": true,
  "final_eval": true,
  "user_msg": "rationale",
  "img_type": "vit",
  "eval_le": null,
  "test_le": null,
  "evaluate_dir": "models/mm-cot-base-rationale",
  "caption_file": "data/instruct_captions.json",
  "use_caption": false,
  "prompt_format": "QCM-E",
  "seed": 42
}
img_features size:  torch.Size([11208, 145, 1024])
number of train problems: 12726

number of val problems: 4241

number of test problems: 4241

[15:56:35] [Model]: Loading models/mm-cot-base-rationale...          main.py:129
                                                                                
           [Data]: Reading data...                                   main.py:130
                                                                                
You're using a T5TokenizerFast tokenizer. Please note that with a fast tokenizer, using the `__call__` method is faster than using a method to encode the text followed by a call to the `pad` method to get a padded encoding.
models/mm-cot-base-rationale
model parameters:  251907840

  0%|          | 0/133 [00:00<?, ?it/s]
  2%|▏         | 2/133 [00:55<1:00:51, 27.87s/it]
  2%|▏         | 3/133 [01:23<1:00:28, 27.91s/it]
  3%|▎         | 4/133 [01:55<1:03:03, 29.33s/it]
  4%|▍         | 5/133 [02:17<57:17, 26.86s/it]  
  5%|▍         | 6/133 [03:10<1:14:55, 35.39s/it]
  5%|▌         | 7/133 [03:46<1:14:59, 35.71s/it]
  6%|▌         | 8/133 [04:22<1:14:23, 35.71s/it]
  7%|▋         | 9/133 [04:50<1:08:49, 33.30s/it]
  8%|▊         | 10/133 [05:55<1:28:33, 43.20s/it]
  8%|▊         | 11/133 [07:02<1:42:36, 50.47s/it]
  9%|▉         | 12/133 [08:02<1:47:12, 53.16s/it]
 10%|▉         | 13/133 [08:29<1:30:52, 45.43s/it]
 11%|█         | 14/133 [09:03<1:22:53, 41.80s/it]
 11%|█▏        | 15/133 [09:41<1:20:10, 40.77s/it]
 12%|█▏        | 16/133 [10:12<1:13:38, 37.76s/it]
 13%|█▎        | 17/133 [10:45<1:10:08, 36.28s/it]
 14%|█▎        | 18/133 [11:26<1:12:32, 37.85s/it]
 14%|█▍        | 19/133 [12:08<1:14:26, 39.18s/it]
 15%|█▌        | 20/133 [12:36<1:07:29, 35.83s/it]
 16%|█▌        | 21/133 [13:00<59:48, 32.04s/it]  
 17%|█▋        | 22/133 [13:36<1:01:50, 33.43s/it]
 17%|█▋        | 23/133 [14:32<1:13:42, 40.20s/it]
 18%|█▊        | 24/133 [14:51<1:01:16, 33.73s/it]
 19%|█▉        | 25/133 [15:27<1:01:45, 34.31s/it]
 20%|█▉        | 26/133 [15:52<56:35, 31.74s/it]  
 20%|██        | 27/133 [17:00<1:14:55, 42.41s/it]
 21%|██        | 28/133 [18:03<1:24:57, 48.55s/it]
 22%|██▏       | 29/133 [18:58<1:27:36, 50.54s/it]
 23%|██▎       | 30/133 [19:32<1:18:15, 45.59s/it]
 23%|██▎       | 31/133 [20:17<1:17:21, 45.50s/it]
 24%|██▍       | 32/133 [20:45<1:07:51, 40.31s/it]
 25%|██▍       | 33/133 [21:26<1:07:38, 40.58s/it]
 26%|██▌       | 34/133 [22:28<1:17:08, 46.75s/it]
 26%|██▋       | 35/133 [22:49<1:03:57, 39.16s/it]
 27%|██▋       | 36/133 [23:09<53:55, 33.36s/it]  
 28%|██▊       | 37/133 [23:49<56:31, 35.33s/it]
 29%|██▊       | 38/133 [24:32<59:37, 37.66s/it]
 29%|██▉       | 39/133 [25:04<56:24, 36.01s/it]
 30%|███       | 40/133 [25:41<56:07, 36.21s/it]
 31%|███       | 41/133 [26:05<50:14, 32.77s/it]
 32%|███▏      | 42/133 [26:52<55:54, 36.87s/it]
 32%|███▏      | 43/133 [27:45<1:02:40, 41.78s/it]
 33%|███▎      | 44/133 [28:17<57:24, 38.70s/it]  
 34%|███▍      | 45/133 [29:05<1:00:53, 41.51s/it]
 35%|███▍      | 46/133 [29:24<50:36, 34.90s/it]  
 35%|███▌      | 47/133 [29:54<47:54, 33.43s/it]
 36%|███▌      | 48/133 [30:32<49:24, 34.88s/it]
 37%|███▋      | 49/133 [31:18<53:13, 38.02s/it]
 38%|███▊      | 50/133 [31:53<51:31, 37.25s/it]
 38%|███▊      | 51/133 [32:33<52:06, 38.13s/it]
 39%|███▉      | 52/133 [33:11<51:03, 37.82s/it]
 40%|███▉      | 53/133 [34:00<54:54, 41.18s/it]
 41%|████      | 54/133 [34:27<48:50, 37.09s/it]
 41%|████▏     | 55/133 [35:11<50:53, 39.14s/it]
 42%|████▏     | 56/133 [35:41<46:47, 36.46s/it]
 43%|████▎     | 57/133 [36:18<46:24, 36.64s/it]
 44%|████▎     | 58/133 [36:53<45:04, 36.06s/it]
 44%|████▍     | 59/133 [37:25<42:47, 34.70s/it]
 45%|████▌     | 60/133 [38:32<54:14, 44.59s/it]
 46%|████▌     | 61/133 [39:16<53:04, 44.23s/it]
 47%|████▋     | 62/133 [40:23<1:00:38, 51.25s/it]
 47%|████▋     | 63/133 [41:34<1:06:38, 57.12s/it]
 48%|████▊     | 64/133 [42:20<1:01:42, 53.66s/it]
 49%|████▉     | 65/133 [42:54<54:17, 47.90s/it]  
 50%|████▉     | 66/133 [43:50<56:10, 50.31s/it]
 50%|█████     | 67/133 [45:06<1:03:39, 57.87s/it]
 51%|█████     | 68/133 [45:33<52:50, 48.78s/it]  
 52%|█████▏    | 69/133 [46:09<47:53, 44.90s/it]
 53%|█████▎    | 70/133 [46:24<37:41, 35.89s/it]
 53%|█████▎    | 71/133 [47:27<45:33, 44.09s/it]
 54%|█████▍    | 72/133 [48:14<45:43, 44.97s/it]
 55%|█████▍    | 73/133 [49:14<49:26, 49.45s/it]
 56%|█████▌    | 74/133 [49:39<41:22, 42.08s/it]
 56%|█████▋    | 75/133 [50:14<38:32, 39.86s/it]
 57%|█████▋    | 76/133 [50:45<35:35, 37.46s/it]
 58%|█████▊    | 77/133 [51:29<36:45, 39.39s/it]
 59%|█████▊    | 78/133 [52:15<37:58, 41.43s/it]
 59%|█████▉    | 79/133 [52:53<36:06, 40.13s/it]
 60%|██████    | 80/133 [53:30<34:51, 39.46s/it]
 61%|██████    | 81/133 [54:04<32:46, 37.81s/it]
 62%|██████▏   | 82/133 [54:32<29:31, 34.73s/it]
 62%|██████▏   | 83/133 [55:11<30:02, 36.05s/it]
 63%|██████▎   | 84/133 [55:49<29:48, 36.51s/it]
 64%|██████▍   | 85/133 [58:10<54:16, 67.84s/it]
 65%|██████▍   | 86/133 [58:56<48:06, 61.41s/it]
 65%|██████▌   | 87/133 [59:26<39:52, 52.02s/it]
 66%|██████▌   | 88/133 [59:49<32:27, 43.28s/it]
 67%|██████▋   | 89/133 [1:00:46<34:48, 47.47s/it]
 68%|██████▊   | 90/133 [1:01:35<34:21, 47.95s/it]
 68%|██████▊   | 91/133 [1:02:46<38:17, 54.69s/it]
 69%|██████▉   | 92/133 [1:03:39<37:04, 54.25s/it]
 70%|██████▉   | 93/133 [1:04:15<32:32, 48.80s/it]
 71%|███████   | 94/133 [1:05:00<30:52, 47.51s/it]
 71%|███████▏  | 95/133 [1:05:52<30:56, 48.86s/it]
 72%|███████▏  | 96/133 [1:06:23<26:54, 43.62s/it]
 73%|███████▎  | 97/133 [1:06:54<23:50, 39.73s/it]
 74%|███████▎  | 98/133 [1:07:25<21:45, 37.31s/it]
 74%|███████▍  | 99/133 [1:07:56<20:01, 35.35s/it]
 75%|███████▌  | 100/133 [1:08:26<18:30, 33.65s/it]
 76%|███████▌  | 101/133 [1:08:58<17:46, 33.34s/it]
 77%|███████▋  | 102/133 [1:09:40<18:34, 35.96s/it]
 77%|███████▋  | 103/133 [1:10:36<20:56, 41.88s/it]
 78%|███████▊  | 104/133 [1:11:03<18:04, 37.39s/it]
 79%|███████▉  | 105/133 [1:11:43<17:47, 38.13s/it]
 80%|███████▉  | 106/133 [1:12:18<16:41, 37.10s/it]
 80%|████████  | 107/133 [1:12:46<15:00, 34.62s/it]
 81%|████████  | 108/133 [1:13:23<14:38, 35.16s/it]
 82%|████████▏ | 109/133 [1:13:59<14:10, 35.44s/it]
 83%|████████▎ | 110/133 [1:14:55<15:58, 41.68s/it]
 83%|████████▎ | 111/133 [1:15:34<14:56, 40.75s/it]
 84%|████████▍ | 112/133 [1:16:01<12:50, 36.67s/it]
 85%|████████▍ | 113/133 [1:16:29<11:22, 34.12s/it]
 86%|████████▌ | 114/133 [1:17:10<11:25, 36.07s/it]
 86%|████████▋ | 115/133 [1:17:41<10:21, 34.55s/it]
 87%|████████▋ | 116/133 [1:18:07<09:03, 31.96s/it]
 88%|████████▊ | 117/133 [1:18:37<08:25, 31.62s/it]
 89%|████████▊ | 118/133 [1:19:13<08:11, 32.75s/it]
 89%|████████▉ | 119/133 [1:19:42<07:24, 31.72s/it]
 90%|█████████ | 120/133 [1:20:19<07:13, 33.31s/it]
 91%|█████████ | 121/133 [1:21:15<08:00, 40.02s/it]
 92%|█████████▏| 122/133 [1:21:47<06:53, 37.58s/it]
 92%|█████████▏| 123/133 [1:22:18<05:56, 35.68s/it]
 93%|█████████▎| 124/133 [1:23:09<06:02, 40.30s/it]
 94%|█████████▍| 125/133 [1:23:25<04:24, 33.10s/it]
 95%|█████████▍| 126/133 [1:24:29<04:55, 42.21s/it]
 95%|█████████▌| 127/133 [1:25:03<03:58, 39.67s/it]
 96%|█████████▌| 128/133 [1:25:45<03:22, 40.60s/it]
 97%|█████████▋| 129/133 [1:26:22<02:38, 39.54s/it]
 98%|█████████▊| 130/133 [1:27:25<02:19, 46.51s/it]
 98%|█████████▊| 131/133 [1:27:56<01:23, 41.80s/it]
 99%|█████████▉| 132/133 [1:28:15<00:34, 34.94s/it]
100%|██████████| 133/133 [1:28:31<00:00, 29.22s/it]
100%|██████████| 133/133 [1:28:46<00:00, 40.05s/it]
***** test metrics *****
  eval_gen_len            =        1.0
  eval_loss               =     0.0236
  eval_rouge1             =     91.722
  eval_rouge2             =    78.7371
  eval_rougeL             =    89.2969
  eval_rougeLsum          =    91.2662
  eval_runtime            = 1:29:52.16
  eval_samples_per_second =      0.787
  eval_steps_per_second   =      0.025

  0%|          | 0/133 [00:00<?, ?it/s]
  2%|▏         | 2/133 [00:55<1:01:06, 27.99s/it]
  2%|▏         | 3/133 [01:23<1:00:39, 27.99s/it]
  3%|▎         | 4/133 [01:55<1:03:07, 29.36s/it]
  4%|▍         | 5/133 [02:17<57:17, 26.86s/it]  
  5%|▍         | 6/133 [03:10<1:14:54, 35.39s/it]
  5%|▌         | 7/133 [03:46<1:14:58, 35.70s/it]
  6%|▌         | 8/133 [04:22<1:14:20, 35.68s/it]
  7%|▋         | 9/133 [04:50<1:08:46, 33.28s/it]
  8%|▊         | 10/133 [05:55<1:28:32, 43.19s/it]
  8%|▊         | 11/133 [07:02<1:42:31, 50.42s/it]
  9%|▉         | 12/133 [08:01<1:47:02, 53.08s/it]
 10%|▉         | 13/133 [08:29<1:30:42, 45.35s/it]
 11%|█         | 14/133 [09:02<1:22:42, 41.71s/it]
 11%|█▏        | 15/133 [09:41<1:20:03, 40.71s/it]
 12%|█▏        | 16/133 [10:11<1:13:33, 37.72s/it]
 13%|█▎        | 17/133 [10:44<1:10:06, 36.26s/it]
 14%|█▎        | 18/133 [11:26<1:12:29, 37.82s/it]
 14%|█▍        | 19/133 [12:08<1:14:23, 39.16s/it]
 15%|█▌        | 20/133 [12:36<1:07:25, 35.80s/it]
 16%|█▌        | 21/133 [12:59<59:48, 32.04s/it]  
 17%|█▋        | 22/133 [13:36<1:01:50, 33.43s/it]
 17%|█▋        | 23/133 [14:32<1:13:41, 40.20s/it]
 18%|█▊        | 24/133 [14:51<1:01:15, 33.72s/it]
 19%|█▉        | 25/133 [15:26<1:01:43, 34.30s/it]
 20%|█▉        | 26/133 [15:52<56:33, 31.72s/it]  
 20%|██        | 27/133 [16:59<1:14:55, 42.41s/it]
 21%|██        | 28/133 [18:02<1:24:56, 48.54s/it]
 22%|██▏       | 29/133 [18:57<1:27:32, 50.50s/it]
 23%|██▎       | 30/133 [19:31<1:18:11, 45.55s/it]
 23%|██▎       | 31/133 [20:16<1:17:19, 45.48s/it]
 24%|██▍       | 32/133 [20:45<1:07:50, 40.31s/it]
 25%|██▍       | 33/133 [21:26<1:07:37, 40.57s/it]
 26%|██▌       | 34/133 [22:27<1:17:07, 46.75s/it]
 26%|██▋       | 35/133 [22:48<1:03:57, 39.15s/it]
 27%|██▋       | 36/133 [23:08<53:56, 33.36s/it]  
 28%|██▊       | 37/133 [23:48<56:29, 35.31s/it]
 29%|██▊       | 38/133 [24:31<59:36, 37.65s/it]
 29%|██▉       | 39/133 [25:04<56:26, 36.03s/it]
 30%|███       | 40/133 [25:40<56:08, 36.22s/it]
 31%|███       | 41/133 [26:05<50:15, 32.78s/it]
 32%|███▏      | 42/133 [26:51<55:56, 36.88s/it]
 32%|███▏      | 43/133 [27:45<1:02:39, 41.78s/it]
 33%|███▎      | 44/133 [28:16<57:25, 38.71s/it]  
 34%|███▍      | 45/133 [29:04<1:00:48, 41.46s/it]
 35%|███▍      | 46/133 [29:24<50:34, 34.88s/it]  
 35%|███▌      | 47/133 [29:53<47:51, 33.39s/it]
 36%|███▌      | 48/133 [30:32<49:23, 34.86s/it]
 37%|███▋      | 49/133 [31:17<53:12, 38.01s/it]
 38%|███▊      | 50/133 [31:53<51:31, 37.25s/it]
 38%|███▊      | 51/133 [32:33<52:06, 38.13s/it]
 39%|███▉      | 52/133 [33:10<51:03, 37.82s/it]
 40%|███▉      | 53/133 [33:59<54:55, 41.19s/it]
 41%|████      | 54/133 [34:26<48:51, 37.10s/it]
 41%|████▏     | 55/133 [35:10<50:54, 39.16s/it]
 42%|████▏     | 56/133 [35:41<46:47, 36.46s/it]
 43%|████▎     | 57/133 [36:18<46:25, 36.65s/it]
 44%|████▎     | 58/133 [36:52<45:06, 36.09s/it]
 44%|████▍     | 59/133 [37:24<42:48, 34.71s/it]
 45%|████▌     | 60/133 [38:32<54:16, 44.61s/it]
 46%|████▌     | 61/133 [39:15<53:05, 44.24s/it]
 47%|████▋     | 62/133 [40:23<1:00:40, 51.27s/it]
 47%|████▋     | 63/133 [41:34<1:06:42, 57.17s/it]
 48%|████▊     | 64/133 [42:19<1:01:44, 53.69s/it]
 49%|████▉     | 65/133 [42:54<54:20, 47.94s/it]  
 50%|████▉     | 66/133 [43:50<56:14, 50.37s/it]
 50%|█████     | 67/133 [45:05<1:03:40, 57.88s/it]
 51%|█████     | 68/133 [45:33<52:51, 48.80s/it]  
 52%|█████▏    | 69/133 [46:09<47:56, 44.94s/it]
 53%|█████▎    | 70/133 [46:23<37:40, 35.88s/it]
 53%|█████▎    | 71/133 [47:27<45:32, 44.08s/it]
 54%|█████▍    | 72/133 [48:14<45:42, 44.96s/it]
 55%|█████▍    | 73/133 [49:14<49:26, 49.44s/it]
 56%|█████▌    | 74/133 [49:39<41:22, 42.08s/it]
 56%|█████▋    | 75/133 [50:13<38:33, 39.88s/it]
 57%|█████▋    | 76/133 [50:45<35:36, 37.49s/it]
 58%|█████▊    | 77/133 [51:29<36:47, 39.41s/it]
 59%|█████▊    | 78/133 [52:15<37:58, 41.42s/it]
 59%|█████▉    | 79/133 [52:52<36:07, 40.14s/it]
 60%|██████    | 80/133 [53:30<34:53, 39.51s/it]
 61%|██████    | 81/133 [54:04<32:49, 37.87s/it]
 62%|██████▏   | 82/133 [54:32<29:34, 34.79s/it]
 62%|██████▏   | 83/133 [55:11<30:05, 36.11s/it]
 63%|██████▎   | 84/133 [55:49<29:52, 36.57s/it]
 64%|██████▍   | 85/133 [58:10<54:17, 67.87s/it]
 65%|██████▍   | 86/133 [58:56<48:07, 61.43s/it]
 65%|██████▌   | 87/133 [59:26<39:53, 52.04s/it]
 66%|██████▌   | 88/133 [59:49<32:29, 43.33s/it]
 67%|██████▋   | 89/133 [1:00:46<34:49, 47.49s/it]
 68%|██████▊   | 90/133 [1:01:36<34:22, 47.97s/it]
 68%|██████▊   | 91/133 [1:02:46<38:18, 54.71s/it]
 69%|██████▉   | 92/133 [1:03:39<37:04, 54.26s/it]
 70%|██████▉   | 93/133 [1:04:15<32:33, 48.83s/it]
 71%|███████   | 94/133 [1:05:00<30:53, 47.52s/it]
 71%|███████▏  | 95/133 [1:05:52<30:56, 48.87s/it]
 72%|███████▏  | 96/133 [1:06:23<26:54, 43.65s/it]
 73%|███████▎  | 97/133 [1:06:54<23:50, 39.73s/it]
 74%|███████▎  | 98/133 [1:07:26<21:46, 37.33s/it]
 74%|███████▍  | 99/133 [1:07:56<20:02, 35.38s/it]
 75%|███████▌  | 100/133 [1:08:26<18:31, 33.68s/it]
 76%|███████▌  | 101/133 [1:08:59<17:47, 33.36s/it]
 77%|███████▋  | 102/133 [1:09:41<18:34, 35.96s/it]
 77%|███████▋  | 103/133 [1:10:37<20:56, 41.88s/it]
 78%|███████▊  | 104/133 [1:11:03<18:02, 37.34s/it]
 79%|███████▉  | 105/133 [1:11:43<17:47, 38.11s/it]
 80%|███████▉  | 106/133 [1:12:18<16:41, 37.09s/it]
 80%|████████  | 107/133 [1:12:47<15:00, 34.63s/it]
 81%|████████  | 108/133 [1:13:23<14:39, 35.17s/it]
 82%|████████▏ | 109/133 [1:13:59<14:11, 35.46s/it]
 83%|████████▎ | 110/133 [1:14:56<15:59, 41.72s/it]
 83%|████████▎ | 111/133 [1:15:34<14:57, 40.78s/it]
 84%|████████▍ | 112/133 [1:16:01<12:50, 36.69s/it]
 85%|████████▍ | 113/133 [1:16:30<11:22, 34.14s/it]
 86%|████████▌ | 114/133 [1:17:10<11:26, 36.12s/it]
 86%|████████▋ | 115/133 [1:17:41<10:22, 34.60s/it]
 87%|████████▋ | 116/133 [1:18:07<09:03, 31.99s/it]
 88%|████████▊ | 117/133 [1:18:38<08:25, 31.62s/it]
 89%|████████▊ | 118/133 [1:19:13<08:11, 32.76s/it]
 89%|████████▉ | 119/133 [1:19:43<07:24, 31.72s/it]
 90%|█████████ | 120/133 [1:20:20<07:13, 33.33s/it]
 91%|█████████ | 121/133 [1:21:16<08:00, 40.06s/it]
 92%|█████████▏| 122/133 [1:21:48<06:53, 37.62s/it]
 92%|█████████▏| 123/133 [1:22:19<05:57, 35.72s/it]
 93%|█████████▎| 124/133 [1:23:10<06:03, 40.36s/it]
 94%|█████████▍| 125/133 [1:23:26<04:25, 33.14s/it]
 95%|█████████▍| 126/133 [1:24:30<04:55, 42.27s/it]
 95%|█████████▌| 127/133 [1:25:04<03:58, 39.72s/it]
 96%|█████████▌| 128/133 [1:25:47<03:23, 40.67s/it]
 97%|█████████▋| 129/133 [1:26:24<02:38, 39.63s/it]
 98%|█████████▊| 130/133 [1:27:27<02:19, 46.60s/it]
 98%|█████████▊| 131/133 [1:27:57<01:23, 41.86s/it]
 99%|█████████▉| 132/133 [1:28:16<00:34, 34.99s/it]
100%|██████████| 133/133 [1:28:32<00:00, 29.23s/it]
100%|██████████| 133/133 [1:28:47<00:00, 40.06s/it]

.gitattributes:   0%|          | 0.00/1.18k [00:00<?, ?B/s]
.gitattributes: 100%|██████████| 1.18k/1.18k [00:00<00:00, 5.61MB/s]

1_Pooling/config.json:   0%|          | 0.00/190 [00:00<?, ?B/s]
1_Pooling/config.json: 100%|██████████| 190/190 [00:00<00:00, 1.26MB/s]

README.md:   0%|          | 0.00/10.6k [00:00<?, ?B/s]
README.md: 100%|██████████| 10.6k/10.6k [00:00<00:00, 62.6MB/s]

config.json:   0%|          | 0.00/612 [00:00<?, ?B/s]
config.json: 100%|██████████| 612/612 [00:00<00:00, 6.48MB/s]

config_sentence_transformers.json:   0%|          | 0.00/116 [00:00<?, ?B/s]
config_sentence_transformers.json: 100%|██████████| 116/116 [00:00<00:00, 1.10MB/s]

data_config.json:   0%|          | 0.00/39.3k [00:00<?, ?B/s]
data_config.json: 100%|██████████| 39.3k/39.3k [00:00<00:00, 25.7MB/s]

pytorch_model.bin:   0%|          | 0.00/90.9M [00:00<?, ?B/s]
pytorch_model.bin:  12%|█▏        | 10.5M/90.9M [00:00<00:01, 54.1MB/s]
pytorch_model.bin:  23%|██▎       | 21.0M/90.9M [00:00<00:01, 63.0MB/s]
pytorch_model.bin:  35%|███▍      | 31.5M/90.9M [00:00<00:00, 67.3MB/s]
pytorch_model.bin:  46%|████▌     | 41.9M/90.9M [00:00<00:00, 69.5MB/s]
pytorch_model.bin:  58%|█████▊    | 52.4M/90.9M [00:00<00:00, 70.3MB/s]
pytorch_model.bin:  69%|██████▉   | 62.9M/90.9M [00:00<00:00, 71.6MB/s]
pytorch_model.bin:  81%|████████  | 73.4M/90.9M [00:01<00:00, 72.2MB/s]
pytorch_model.bin:  92%|█████████▏| 83.9M/90.9M [00:01<00:00, 72.7MB/s]
pytorch_model.bin: 100%|██████████| 90.9M/90.9M [00:01<00:00, 69.5MB/s]

sentence_bert_config.json:   0%|          | 0.00/53.0 [00:00<?, ?B/s]
sentence_bert_config.json: 100%|██████████| 53.0/53.0 [00:00<00:00, 405kB/s]

special_tokens_map.json:   0%|          | 0.00/112 [00:00<?, ?B/s]
special_tokens_map.json: 100%|██████████| 112/112 [00:00<00:00, 768kB/s]

tokenizer.json:   0%|          | 0.00/466k [00:00<?, ?B/s]
tokenizer.json: 100%|██████████| 466k/466k [00:00<00:00, 19.9MB/s]

tokenizer_config.json:   0%|          | 0.00/350 [00:00<?, ?B/s]
tokenizer_config.json: 100%|██████████| 350/350 [00:00<00:00, 4.17MB/s]

train_script.py:   0%|          | 0.00/13.2k [00:00<?, ?B/s]
train_script.py: 100%|██████████| 13.2k/13.2k [00:00<00:00, 76.4MB/s]

vocab.txt:   0%|          | 0.00/232k [00:00<?, ?B/s]
vocab.txt: 100%|██████████| 232k/232k [00:00<00:00, 41.5MB/s]

modules.json:   0%|          | 0.00/349 [00:00<?, ?B/s]
modules.json: 100%|██████████| 349/349 [00:00<00:00, 4.57MB/s]

  0%|          | 0/133 [00:00<?, ?it/s]
  2%|▏         | 2/133 [00:39<43:33, 19.95s/it]
  2%|▏         | 3/133 [01:35<1:15:45, 34.97s/it]
  3%|▎         | 4/133 [02:10<1:14:57, 34.86s/it]
  4%|▍         | 5/133 [02:38<1:09:16, 32.47s/it]
  5%|▍         | 6/133 [03:15<1:11:40, 33.87s/it]
  5%|▌         | 7/133 [03:48<1:10:53, 33.76s/it]
  6%|▌         | 8/133 [04:15<1:05:59, 31.68s/it]
  7%|▋         | 9/133 [04:48<1:06:22, 32.11s/it]
  8%|▊         | 10/133 [05:31<1:12:15, 35.25s/it]
  8%|▊         | 11/133 [06:03<1:09:47, 34.32s/it]
  9%|▉         | 12/133 [07:07<1:27:05, 43.19s/it]
 10%|▉         | 13/133 [07:24<1:10:54, 35.46s/it]
 11%|█         | 14/133 [08:00<1:10:25, 35.51s/it]
 11%|█▏        | 15/133 [08:53<1:20:28, 40.92s/it]
 12%|█▏        | 16/133 [09:28<1:16:00, 38.98s/it]
 13%|█▎        | 17/133 [09:55<1:08:28, 35.42s/it]
 14%|█▎        | 18/133 [11:19<1:35:49, 50.00s/it]
 14%|█▍        | 19/133 [11:52<1:25:19, 44.91s/it]
 15%|█▌        | 20/133 [12:12<1:10:17, 37.32s/it]
 16%|█▌        | 21/133 [12:45<1:07:26, 36.13s/it]
 17%|█▋        | 22/133 [13:34<1:13:59, 40.00s/it]
 17%|█▋        | 23/133 [13:57<1:04:16, 35.06s/it]
 18%|█▊        | 24/133 [15:04<1:20:53, 44.53s/it]
 19%|█▉        | 25/133 [16:04<1:28:40, 49.26s/it]
 20%|█▉        | 26/133 [16:49<1:25:18, 47.83s/it]
 20%|██        | 27/133 [17:21<1:15:56, 42.99s/it]
 21%|██        | 28/133 [18:02<1:14:20, 42.48s/it]
 22%|██▏       | 29/133 [18:19<1:00:36, 34.97s/it]
 23%|██▎       | 30/133 [19:03<1:04:28, 37.56s/it]
 23%|██▎       | 31/133 [19:34<1:00:31, 35.60s/it]
 24%|██▍       | 32/133 [20:55<1:23:06, 49.37s/it]
 25%|██▍       | 33/133 [21:36<1:18:05, 46.86s/it]
 26%|██▌       | 34/133 [23:01<1:35:55, 58.14s/it]
 26%|██▋       | 35/133 [23:30<1:20:49, 49.49s/it]
 27%|██▋       | 36/133 [23:48<1:04:42, 40.02s/it]
 28%|██▊       | 37/133 [24:27<1:03:36, 39.76s/it]
 29%|██▊       | 38/133 [25:06<1:02:16, 39.33s/it]
 29%|██▉       | 39/133 [26:20<1:17:57, 49.76s/it]
 30%|███       | 40/133 [26:42<1:04:25, 41.56s/it]
 31%|███       | 41/133 [27:44<1:13:03, 47.65s/it]
 32%|███▏      | 42/133 [28:39<1:15:48, 49.99s/it]
 32%|███▏      | 43/133 [29:19<1:10:20, 46.89s/it]
 33%|███▎      | 44/133 [30:25<1:18:12, 52.72s/it]
 34%|███▍      | 45/133 [30:58<1:08:40, 46.83s/it]
 35%|███▍      | 46/133 [31:50<1:10:03, 48.31s/it]
 35%|███▌      | 47/133 [33:37<1:34:12, 65.73s/it]
 36%|███▌      | 48/133 [34:13<1:20:39, 56.94s/it]
 37%|███▋      | 49/133 [34:43<1:08:33, 48.97s/it]
 38%|███▊      | 50/133 [35:14<59:55, 43.32s/it]  
 38%|███▊      | 51/133 [36:04<1:02:11, 45.51s/it]
 39%|███▉      | 52/133 [36:25<51:29, 38.14s/it]  
 40%|███▉      | 53/133 [37:30<1:01:33, 46.16s/it]
 41%|████      | 54/133 [38:11<58:55, 44.76s/it]  
 41%|████▏     | 55/133 [39:09<1:03:19, 48.71s/it]
 42%|████▏     | 56/133 [39:50<59:19, 46.23s/it]  
 43%|████▎     | 57/133 [40:24<53:59, 42.62s/it]
 44%|████▎     | 58/133 [41:22<59:09, 47.33s/it]
 44%|████▍     | 59/133 [41:50<51:08, 41.46s/it]
 45%|████▌     | 60/133 [42:33<50:50, 41.79s/it]
 46%|████▌     | 61/133 [43:21<52:34, 43.81s/it]
 47%|████▋     | 62/133 [43:50<46:36, 39.38s/it]
 47%|████▋     | 63/133 [45:00<56:36, 48.52s/it]
 48%|████▊     | 64/133 [45:45<54:25, 47.32s/it]
 49%|████▉     | 65/133 [46:22<50:11, 44.28s/it]
 50%|████▉     | 66/133 [46:46<42:50, 38.36s/it]
 50%|█████     | 67/133 [47:19<40:09, 36.51s/it]
 51%|█████     | 68/133 [47:58<40:24, 37.30s/it]
 52%|█████▏    | 69/133 [48:40<41:27, 38.87s/it]
 53%|█████▎    | 70/133 [49:00<34:49, 33.16s/it]
 53%|█████▎    | 71/133 [49:49<39:05, 37.83s/it]
 54%|█████▍    | 72/133 [50:13<34:10, 33.62s/it]
 55%|█████▍    | 73/133 [52:34<1:05:56, 65.95s/it]
 56%|█████▌    | 74/133 [53:05<54:33, 55.47s/it]  
 56%|█████▋    | 75/133 [54:03<54:15, 56.13s/it]
 57%|█████▋    | 76/133 [54:28<44:25, 46.77s/it]
 58%|█████▊    | 77/133 [55:12<43:01, 46.10s/it]
 59%|█████▊    | 78/133 [57:33<1:08:18, 74.51s/it]
 59%|█████▉    | 79/133 [58:14<58:09, 64.62s/it]  
 60%|██████    | 80/133 [59:00<51:53, 58.75s/it]
 61%|██████    | 81/133 [59:34<44:43, 51.61s/it]
 62%|██████▏   | 82/133 [1:00:18<41:46, 49.14s/it]
 62%|██████▏   | 83/133 [1:00:55<38:00, 45.60s/it]
 63%|██████▎   | 84/133 [1:01:31<34:52, 42.71s/it]
 64%|██████▍   | 85/133 [1:01:53<29:12, 36.51s/it]
 65%|██████▍   | 86/133 [1:02:29<28:24, 36.26s/it]
 65%|██████▌   | 87/133 [1:02:58<26:14, 34.23s/it]
 66%|██████▌   | 88/133 [1:03:33<25:43, 34.31s/it]
 67%|██████▋   | 89/133 [1:04:35<31:17, 42.67s/it]
 68%|██████▊   | 90/133 [1:05:03<27:25, 38.27s/it]
 68%|██████▊   | 91/133 [1:05:38<26:05, 37.27s/it]
 69%|██████▉   | 92/133 [1:06:00<22:18, 32.64s/it]
 70%|██████▉   | 93/133 [1:06:23<19:49, 29.74s/it]
 71%|███████   | 94/133 [1:06:59<20:37, 31.72s/it]
 71%|███████▏  | 95/133 [1:07:27<19:20, 30.54s/it]
 72%|███████▏  | 96/133 [1:08:16<22:18, 36.17s/it]
 73%|███████▎  | 97/133 [1:08:56<22:19, 37.20s/it]
 74%|███████▎  | 98/133 [1:09:27<20:39, 35.42s/it]
 74%|███████▍  | 99/133 [1:10:05<20:34, 36.30s/it]
 75%|███████▌  | 100/133 [1:10:44<20:18, 36.92s/it]
 76%|███████▌  | 101/133 [1:11:17<19:02, 35.69s/it]
 77%|███████▋  | 102/133 [1:12:00<19:38, 38.00s/it]
 77%|███████▋  | 103/133 [1:12:53<21:11, 42.39s/it]
 78%|███████▊  | 104/133 [1:13:30<19:41, 40.73s/it]
 79%|███████▉  | 105/133 [1:14:07<18:31, 39.71s/it]
 80%|███████▉  | 106/133 [1:14:43<17:23, 38.65s/it]
 80%|████████  | 107/133 [1:15:43<19:27, 44.91s/it]
 81%|████████  | 108/133 [1:16:16<17:15, 41.44s/it]
 82%|████████▏ | 109/133 [1:16:51<15:48, 39.50s/it]
 83%|████████▎ | 110/133 [1:18:01<18:40, 48.72s/it]
 83%|████████▎ | 111/133 [1:18:29<15:33, 42.44s/it]
 84%|████████▍ | 112/133 [1:18:44<11:56, 34.13s/it]
 85%|████████▍ | 113/133 [1:19:24<12:00, 36.02s/it]
 86%|████████▌ | 114/133 [1:19:43<09:44, 30.76s/it]
 86%|████████▋ | 115/133 [1:20:05<08:29, 28.31s/it]
 87%|████████▋ | 116/133 [1:20:41<08:37, 30.44s/it]
 88%|████████▊ | 117/133 [1:21:09<07:57, 29.83s/it]
 89%|████████▊ | 118/133 [1:21:38<07:25, 29.73s/it]
 89%|████████▉ | 119/133 [1:22:08<06:54, 29.59s/it]
 90%|█████████ | 120/133 [1:23:09<08:26, 38.99s/it]
 91%|█████████ | 121/133 [1:24:08<09:02, 45.18s/it]
 92%|█████████▏| 122/133 [1:25:22<09:50, 53.66s/it]
 92%|█████████▏| 123/133 [1:26:07<08:32, 51.25s/it]
 93%|█████████▎| 124/133 [1:27:52<10:04, 67.19s/it]
 94%|█████████▍| 125/133 [1:28:43<08:20, 62.54s/it]
 95%|█████████▍| 126/133 [1:29:47<07:20, 62.86s/it]
 95%|█████████▌| 127/133 [1:30:31<05:43, 57.18s/it]
 96%|█████████▌| 128/133 [1:31:14<04:24, 52.81s/it]
 97%|█████████▋| 129/133 [1:33:35<05:17, 79.25s/it]
 98%|█████████▊| 130/133 [1:34:18<03:25, 68.57s/it]
 98%|█████████▊| 131/133 [1:34:44<01:51, 55.72s/it]
 99%|█████████▉| 132/133 [1:35:19<00:49, 49.42s/it]
100%|██████████| 133/133 [1:35:41<00:00, 41.40s/it]
100%|██████████| 133/133 [1:35:56<00:00, 43.28s/it]
